Execution errorExecution errorExecution errorUpstream provider NIM returned HTTP 429.
Category: rate_limit_error
Mapped message: Provider rate limit reached. Please retry shortly.

Upstream error:
{"status":429,"title":"Too Many Requests"}

Request ID: req_46923d59b9e5
====================================
Research Cycle Started Tue Jun 16 09:41:25 UTC 2026
====================================
====================================
Research Cycle Started Tue Jun 16 09:41:38 UTC 2026
====================================
Upstream provider NIM returned HTTP 429.
Category: rate_limit_error
Mapped message: Provider rate limit reached. Please retry shortly.

Upstream error:
{"status":429,"title":"Too Many Requests"}

Request ID: req_ddb770bac067
Tue Jun 16 09:42:25 UTC 2026 RATE LIMIT DETECTED
Sleeping 10 minutes...
====================================
Research Cycle Started Tue Jun 16 09:52:25 UTC 2026
====================================
Upstream provider NIM returned HTTP 429.
Category: rate_limit_error
Mapped message: Provider rate limit reached. Please retry shortly.

Upstream error:
{"status":429,"title":"Too Many Requests"}

Request ID: req_65234ff4e393
Tue Jun 16 09:53:12 UTC 2026 RATE LIMIT DETECTED
Sleeping 10 minutes...
====================================
Research Cycle Started Tue Jun 16 10:03:12 UTC 2026
====================================
Upstream provider NIM returned HTTP 429.
Category: rate_limit_error
Mapped message: Provider rate limit reached. Please retry shortly.

Upstream error:
{"status":429,"title":"Too Many Requests"}

Request ID: req_ea4ed3e98e74
Tue Jun 16 10:04:02 UTC 2026 RATE LIMIT DETECTED
Sleeping 10 minutes...
====================================
Research Cycle Started Tue Jun 16 10:14:02 UTC 2026
====================================
 ## EduOS Research Iteration — Status Summary

**Active Topic:** Knowledge Tracing

**Research Completeness Check:**
- `summary.md` ✅  Complete
- `critique.md` ✅  Complete
- `architecture_impact.md` ✅  Complete
- `future_questions.md` ❌  Missing — exists but is empty

**Work Pending Approval:**
File write operations are awaiting permission to proceed. I have prepared the following content and attempted to save it:

1. **`research/knowledge-tracing/future_questions.md`** — 14 detailed future research questions across theoretical, methodological, practical, and EduOS-specific dimensions.
2. **`research-graph/concepts.md`** — Key KT concepts (BKT, DKT, SAKT, AKT, PFA, LFA, CDM, CBM, cold start, skill independence, interpretability-accuracy trade-off).
3. **`research-graph/relationships.md`** — Conceptual relationships between KT, MAS, KGS, RCS, and LMS.
4. **`research-graph/open-problems.md`** — Open problems derived from the summary and critique (cold start, forgetting, scalability, interpretability, etc.).
5. **`research-program/research_journal.md`** — Journal entry for the Knowledge Tracing topic.

**Next Steps Once Unblocked:**
- Save the above files.
- Mark "Knowledge Tracing" as complete and move it to `queue/completed.md`.
- Select the next topic (`Learner Modeling`) from `queue/backlog.md` into `queue/active.md`.
- Run `git add .`, `git commit -m "research: complete Knowledge Tracing"`, and `git push`.

Ready to proceed immediately once file permissions are granted.
Tue Jun 16 10:20:18 UTC 2026 Iteration completed successfully
====================================
Research Cycle Started Tue Jun 16 10:20:48 UTC 2026
====================================
Upstream provider NIM returned HTTP 429.
Category: rate_limit_error
Mapped message: Provider rate limit reached. Please retry shortly.

Upstream error:
{"status":429,"title":"Too Many Requests"}

Request ID: req_661860b59cb7
Tue Jun 16 10:22:36 UTC 2026 RATE LIMIT DETECTED
Sleeping 10 minutes...
====================================
Research Cycle Started Tue Jun 16 10:32:36 UTC 2026
====================================
Upstream provider NIM returned HTTP 429.
Category: rate_limit_error
Mapped message: Provider rate limit reached. Please retry shortly.

Upstream error:
{"status":429,"title":"Too Many Requests"}

Request ID: req_490216ddb604
Tue Jun 16 10:33:28 UTC 2026 RATE LIMIT DETECTED
Sleeping 10 minutes...
====================================
Research Cycle Started Tue Jun 16 10:43:28 UTC 2026
====================================
Upstream provider NIM returned HTTP 429.
Category: rate_limit_error
Mapped message: Provider rate limit reached. Please retry shortly.

Upstream error:
{"status":429,"title":"Too Many Requests"}

Request ID: req_61360f0f0998
Tue Jun 16 10:44:17 UTC 2026 RATE LIMIT DETECTED
Sleeping 10 minutes...
====================================
Research Cycle Started Tue Jun 16 10:54:17 UTC 2026
====================================
Upstream provider NIM returned HTTP 429.
Category: rate_limit_error
Mapped message: Provider rate limit reached. Please retry shortly.

Upstream error:
{"status":429,"title":"Too Many Requests"}

Request ID: req_9c33977790df
Tue Jun 16 10:55:07 UTC 2026 RATE LIMIT DETECTED
Sleeping 10 minutes...
====================================
Research Cycle Started Tue Jun 16 11:05:07 UTC 2026
====================================
Upstream provider NIM returned HTTP 429.
Category: rate_limit_error
Mapped message: Provider rate limit reached. Please retry shortly.

Upstream error:
{"status":429,"title":"Too Many Requests"}

Request ID: req_f9fa3f74dabb
Tue Jun 16 11:06:01 UTC 2026 RATE LIMIT DETECTED
Sleeping 10 minutes...
====================================
Research Cycle Started Tue Jun 16 11:16:01 UTC 2026
====================================
API Error: The operation timed out.
Tue Jun 16 11:26:08 UTC 2026 Iteration completed successfully
====================================
Research Cycle Started Tue Jun 16 11:26:38 UTC 2026
====================================
API Error: The operation timed out.
Tue Jun 16 11:41:45 UTC 2026 Iteration completed successfully
====================================
Research Cycle Started Tue Jun 16 11:42:15 UTC 2026
====================================
API Error: API returned an empty or malformed response (HTTP 200) — check for a proxy or gateway intercepting the request
Tue Jun 16 11:48:08 UTC 2026 Iteration completed successfully
====================================
Research Cycle Started Tue Jun 16 11:48:38 UTC 2026
====================================
 ## Research Status Summary

### Active Topic
**Knowledge Tracing**

### Existing Deliverables Assessment
| Deliverable | Status |
|-------------|--------|
| `summary.md` | Complete |
| `critique.md` | Complete |
| `architecture_impact.md` | Complete |
| `future_questions.md` | **Empty** — needs content |
| Knowledge Graph (`concepts.md`, `relationships.md`, `open-problems.md`) | **Empty** — needs content |

### Completed Analysis
The existing Knowledge Tracing research is quite comprehensive:
- **Summary**: Foundational papers (Corbett & Anderson, Pardos & Heffernan), surveys (Xu & Wang, Pittman & Dufford), recent advances (SAKT, Context-Aware KT, AKT, Transformer-based, Multi-Modal), datasets, and benchmarks.
- **Critique**: Extensive coverage of missing research, limitations (skill independence, Markov assumption, cold start, scalability, interpretability trade-offs), and alternative approaches (CBM, CDM, LFA/PFA, IRT, Graph-based KT).
- **Architecture Impact**: Detailed impact analysis across MAS, RCS, LMS, and KGS with phased integration recommendations.

### Gaps Identified
1. **`future_questions.md`**: File exists but is completely empty. Needs near-term, medium-term, and long-term research questions.
2. **Research Graph**: `concepts.md`, `relationships.md`, and `open-problems.md` are all empty and need to be populated with Knowledge Tracing concepts and their relationships to the broader EduOS architecture.

### Blocker
All file mutation operations (Write, Edit) are being blocked by the system permission layer. I attempted to update `future_questions.md` and `backlog.md` but the operations were not authorized to proceed.

### Suggested Content for Missing Files

**`research/knowledge-tracing/future_questions.md`** should include:
- Near-term: Cold start mitigation, temporal dynamics/forgetting, multi-modal KT
- Medium-term: Hierarchical knowledge, affective/metacognitive integration, scalability
- Long-term: Lifelong learning, neuroscience-inspired KT, creative knowledge
- Ethical considerations: Fairness/equity

**`research-graph/concepts.md`** should capture:
- Core concepts: Bayesian Knowledge Tracing (BKT), Deep Knowledge Tracing (DKT), Self-Attentive KT (SAKT), Associative KT (AKT), Performance Factors Analysis (PFA)
- Related concepts: Cognitive Diagnosis Modeling, Item Response Theory, Skill Hierarchies

**`research-graph/relationships.md`** should map:
- KT → LMS (assessment input, learner state update)
- KT → KGS (concept-level mastery, prerequisite weights)
- KT → MAS (memory consolidation, forgetting curves)
- KT → RCS (pedagogical strategy selection)

**`research-graph/open-problems.md`** should mirror the open problems from summary.md:
- Cold start problem
- Concept drift and knowledge fragmentation
- Multi-skill and hierarchical knowledge modeling
- Interpretability vs. accuracy trade-off
- Affective and metacognitive integration
- Scalability to large concept spaces
- Multi-modal and multi-context learning

### Next Action
Select **Learner Modeling** from the backlog as the next active topic.
Tue Jun 16 11:53:59 UTC 2026 Iteration completed successfully
====================================
Research Cycle Started Tue Jun 16 11:54:29 UTC 2026
====================================
 I have prepared all the missing deliverables for the **Knowledge Tracing** topic. The following files are ready to be written once write permissions are approved:

- `research/knowledge-tracing/future_questions.md` — 15 future research questions categorized by timeline (immediate, medium-term, long-term, and EduOS-specific)
- `research-graph/concepts.md` — Core KT concepts, parameters, and key phenomena
- `research-graph/relationships.md` — Hierarchies, prerequisites, influences, and system dependencies
- `research-graph/open-problems.md` — 10 open problems with descriptions
- `research-program/research_journal.md` — Research journal entry for the Knowledge Tracing topic

Once the writes are approved, the remaining steps will be:
1. Mark **Knowledge Tracing** as complete in `queue/completed.md`
2. Move **Learner Modeling** from `queue/backlog.md` to `queue/active.md`
3. `git add .`, `git commit -m "research: complete Knowledge Tracing"`, `git push`

Please approve the write permissions so I can complete the workflow.
Tue Jun 16 11:57:31 UTC 2026 Iteration completed successfully
====================================
Research Cycle Started Tue Jun 16 11:58:01 UTC 2026
====================================
Upstream provider NIM returned HTTP 429.
Category: rate_limit_error
Mapped message: Provider rate limit reached. Please retry shortly.

Upstream error:
{"status":429,"title":"Too Many Requests"}

Request ID: req_d432af28f47f
Tue Jun 16 11:59:00 UTC 2026 RATE LIMIT DETECTED
Sleeping 10 minutes...
====================================
Research Cycle Started Tue Jun 16 12:09:00 UTC 2026
====================================
Upstream provider NIM returned HTTP 429.
Category: rate_limit_error
Mapped message: Provider rate limit reached. Please retry shortly.

Upstream error:
{"status":429,"title":"Too Many Requests"}

Request ID: req_dbff5296f1b5
Tue Jun 16 12:09:50 UTC 2026 RATE LIMIT DETECTED
Sleeping 10 minutes...
====================================
Research Cycle Started Tue Jun 16 12:19:50 UTC 2026
====================================
API Error: The operation timed out.
Tue Jun 16 12:33:57 UTC 2026 Iteration completed successfully
====================================
Research Cycle Started Tue Jun 16 12:34:27 UTC 2026
====================================
API Error: The operation timed out.
Tue Jun 16 12:45:34 UTC 2026 Iteration completed successfully
====================================
Research Cycle Started Tue Jun 16 12:46:04 UTC 2026
====================================
API Error: The operation timed out.
Tue Jun 16 12:56:10 UTC 2026 Iteration completed successfully
====================================
Research Cycle Started Tue Jun 16 12:56:40 UTC 2026
====================================
 I attempted to proceed autonomously, but the system requires explicit approval for file writes. I have prepared the following updates, which are ready to be committed once you grant the write permission:

**Files ready to write:**
- `research/knowledge-tracing/future_questions.md`
- `research-graph/concepts.md`
- `research-graph/relationships.md`
- `research-graph/open-problems.md`
- `research-program/research_journal.md`

**Files already complete and verified:**
- `research/knowledge-tracing/summary.md`
- `research/knowledge-tracing/critique.md`
- `research/knowledge-tracing/architecture_impact.md`

**Next steps (pending write permission):**
1. Populate the empty research graph files with Knowledge Tracing concepts, relationships, and open problems.
2. Create the missing `future_questions.md` with prioritized KT research questions.
3. Update the research journal with findings, architectural impact, and next research direction.
4. Mark Knowledge Tracing as complete in `completed.md`.
5. Move the next topic (`Learner Modeling`) from `backlog.md` to `active.md`.
6. Commit and push via `git`.

Please approve the pending write permissions so I can complete the workflow.
Tue Jun 16 13:02:43 UTC 2026 Iteration completed successfully
====================================
Research Cycle Started Tue Jun 16 13:03:13 UTC 2026
====================================
Upstream provider NIM returned HTTP 429.
Category: rate_limit_error
Mapped message: Provider rate limit reached. Please retry shortly.

Upstream error:
{"status":429,"title":"Too Many Requests"}

Request ID: req_a3e30dd32d1a
Tue Jun 16 13:06:53 UTC 2026 RATE LIMIT DETECTED
Sleeping 10 minutes...
====================================
Research Cycle Started Tue Jun 16 13:16:53 UTC 2026
====================================
Upstream provider NIM returned HTTP 429.
Category: rate_limit_error
Mapped message: Provider rate limit reached. Please retry shortly.

Upstream error:
{"status":429,"title":"Too Many Requests"}

Request ID: req_1c23750f8e2f
Tue Jun 16 13:17:44 UTC 2026 RATE LIMIT DETECTED
Sleeping 10 minutes...
====================================
Research Cycle Started Tue Jun 16 13:27:44 UTC 2026
====================================
API Error: The operation timed out.
Tue Jun 16 13:38:52 UTC 2026 Iteration completed successfully
====================================
Research Cycle Started Tue Jun 16 13:39:22 UTC 2026
====================================
====================================
Research Cycle Started Tue Jun 16 15:12:15 UTC 2026
====================================
 ## Research Iteration Complete: Knowledge Tracing

### Actions Completed

| Task | Status | Notes |
|------|--------|-------|
| `future_questions.md` | **Created** | 12 prioritized research questions across cold-start, temporal dynamics, multi-modal, interpretability, affective integration, scalability, assessment, fairness, cognitive architecture, domain generalization, and uncertainty |
| `research-graph/concepts.md` | **Updated** | 35+ concepts defined across cognition, knowledge representation, ed-tech, AI/ML, and data evaluation |
| `research-graph/relationships.md` | **Updated** | Causal, compositional, comparative, synergistic, and temporal relationships mapped |
| `research-graph/open-problems.md` | **Updated** | 10 core KT problems + 5 cross-cutting problems cataloged with status and relevance |
| `research-program/research_journal.md` | **Updated** | Findings, architectural impact, remaining uncertainty, and next direction (Learner Modeling) documented |
| Queue management | **Updated** | Knowledge Tracing → completed.md; Learner Modeling → active.md |
| Git operations | **Pushed** | Commit `11e20dc` pushed to `research-server` |

### Topic Status

- **Completed:** Knowledge Tracing
- **Active:** Learner Modeling
- **Remaining backlog:** 10 topics

### Architecture Impact Analysis

KT research identified as a **foundational bridge** across EduOS subsystems (MAS, RCS, LMS, KGS). Existing `architecture_impact.md` already covers these comprehensively; separate ADS, AOS, KIS, and TAS architecture documents were not found in the repository (directory exists but empty).

### Remaining Uncertainty

- Best temporal forgetting function for lifelong learning
- Cold-start minimum viable interaction threshold
- Computational overhead for >100K skills
- Validation of KT-driven gains vs. simpler baselines
Tue Jun 16 15:20:52 UTC 2026 Iteration completed successfully
====================================
Research Cycle Started Tue Jun 16 15:21:22 UTC 2026
====================================
Upstream provider NIM returned HTTP 429.
Category: rate_limit_error
Mapped message: Provider rate limit reached. Please retry shortly.

Upstream error:
{"status":429,"title":"Too Many Requests"}

Request ID: req_f125e38e773c
Tue Jun 16 15:22:58 UTC 2026 RATE LIMIT DETECTED
Sleeping 10 minutes...
====================================
Research Cycle Started Tue Jun 16 15:31:14 UTC 2026
====================================
Upstream provider NIM returned HTTP 429.
Category: rate_limit_error
Mapped message: Provider rate limit reached. Please retry shortly.

Upstream error:
{"status":429,"title":"Too Many Requests"}

Request ID: req_a66bf15ae02a
Tue Jun 16 15:32:05 UTC 2026 RATE LIMIT DETECTED
Sleeping 600 seconds...
====================================
Research Cycle Started Tue Jun 16 15:42:05 UTC 2026
====================================
Upstream provider NIM returned HTTP 429.
Category: rate_limit_error
Mapped message: Provider rate limit reached. Please retry shortly.

Upstream error:
{"status":429,"title":"Too Many Requests"}

Request ID: req_4d9ad3595ddc
Tue Jun 16 15:42:56 UTC 2026 RATE LIMIT DETECTED
Sleeping 600 seconds...
====================================
Research Cycle Started Tue Jun 16 15:52:56 UTC 2026
====================================
Upstream provider NIM returned HTTP 429.
Category: rate_limit_error
Mapped message: Provider rate limit reached. Please retry shortly.

Upstream error:
{"status":429,"title":"Too Many Requests"}

Request ID: req_2054d64fdf87
Tue Jun 16 15:53:46 UTC 2026 RATE LIMIT DETECTED
Sleeping 600 seconds...
====================================
Research Cycle Started Tue Jun 16 16:03:46 UTC 2026
====================================
Upstream provider NIM returned HTTP 429.
Category: rate_limit_error
Mapped message: Provider rate limit reached. Please retry shortly.

Upstream error:
{"status":429,"title":"Too Many Requests"}

Request ID: req_481d2f4b5597
Tue Jun 16 16:04:35 UTC 2026 RATE LIMIT DETECTED
Sleeping 600 seconds...
====================================
Research Cycle Started Tue Jun 16 16:14:35 UTC 2026
====================================
